Arguments: 
  D:\NVM\nodejs\node.exe C:\Users\shuha\AppData\Roaming\npm\node_modules\yarn\bin\yarn.js install --production --ignore-optional --silent

PATH: 
  C:\Program Files\JDK\jdk1.8.0_221\bin;C:\Program Files (x86)\Common Files\Oracle\Java\javapath;C:\Windows\system32;C:\Windows;C:\Windows\System32\Wbem;C:\Windows\System32\WindowsPowerShell\v1.0\;C:\Windows\System32\OpenSSH\;C:\Program Files (x86)\NVIDIA Corporation\PhysX\Common;C:\Program Files\NVIDIA Corporation\NVIDIA NvDLISR;C:\Program Files\MATLAB\MATLAB Runtime\v95\runtime\win64;D:\MATLAB2022\Matlab2022\runtime\win64;D:\MATLAB2022\Matlab2022\bin;C:\ProgramData\chocolatey\bin;D:\微信web开发者工具\dll;C:\Pro;ram Files\Microsoft VS Code\bin;D:\NVM;D:\NVM\nodejs;D:\Git\Git\cmd;C:\Program Files\Microsoft VS Code\bin;C:\Users\shuha\AppData\Local\Programs\Python\Python37\Scripts\;C:\Users\shuha\AppData\Local\Programs\Python\Python37\;D:\Anaconda;D:\Anaconda\Library\mingw-w64\bin;D:\Anaconda\Library\usr\bin;D:\Anaconda\Library\bin;D:\Anaconda\Scripts;D:\python\pyhton3.7\python3.7-Carlar\Scripts\;D:\python\pyhton3.7\python3.7-Carlar\;D:\python\python\Scripts\;D:\python\python\;C:\Users\shuha\AppData\Local\Microsoft\WindowsApps;%IntelliJ IDEA%;D:\VScode\vscode\Microsoft VS Code\bin;C:\Users\shuha\AppData\Local\GitHubDesktop\bin;C:\Users\shuha\AppData\Roaming\npm;D:\python\pyhton3.7\python3.7-Carlar;D:\Carla\CARLA_0.9.5;D:\NVM;D:\NVM\nodejs

Yarn version: 
  1.22.19

Node version: 
  16.14.2

Platform: 
  win32 x64

Trace: 
  Error: certificate has expired
      at TLSSocket.onConnectSecure (node:_tls_wrap:1530:34)
      at TLSSocket.emit (node:events:526:28)
      at TLSSocket._finishInit (node:_tls_wrap:944:8)
      at TLSWrap.ssl.onhandshakedone (node:_tls_wrap:725:12)

npm manifest: 
  {
    "name": "hexo-site",
    "version": "0.0.0",
    "private": true,
    "scripts": {
      "build": "hexo generate",
      "clean": "hexo clean",
      "deploy": "hexo deploy",
      "server": "hexo server"
    },
    "hexo": {
      "version": ""
    },
    "dependencies": {
      "hexo": "^7.0.0",
      "hexo-generator-archive": "^2.0.0",
      "hexo-generator-category": "^2.0.0",
      "hexo-generator-index": "^3.0.0",
      "hexo-generator-tag": "^2.0.0",
      "hexo-renderer-ejs": "^2.0.0",
      "hexo-renderer-marked": "^6.0.0",
      "hexo-renderer-stylus": "^3.0.0",
      "hexo-server": "^3.0.0",
      "hexo-theme-landscape": "^1.0.0"
    }
  }

yarn manifest: 
  No manifest

Lockfile: 
  No lockfile
